<?xml version="1.0" encoding="UTF-8"?>
<robot generator="Robot 5.0.1 (Python 3.10.2 on win32)" generated="20220601 20:36:16.302" rpa="false" schemaversion="3">
<suite id="s1" name="TablesTesting" source="C:\Users\Yurii_Hordiichuk\Desktop\robotframeworktesttask\ProjectFiles\TablesTesting.robot">
<kw name="Connect To Database Using Custom Params" library="DatabaseLibrary" type="SETUP">
<arg>pymssql</arg>
<arg>host=${DBHost}, user=${DBUser}, password=${DBPass}, database=${DBName}</arg>
<doc>Loads the DB API 2.0 module given `dbapiModuleName` then uses it to
connect to the database using the map string `db_custom_param_string`.</doc>
<msg timestamp="20220601 20:36:16.332" level="INFO">Executing : Connect To Database Using Custom Params : pymssql.connect(db_api_2.connect(host='EPUAKYIW0E87\SQLEXPRESS', user='testLogin1', password='test123', database='TRN1')) </msg>
<status status="PASS" starttime="20220601 20:36:16.327" endtime="20220601 20:36:16.356"/>
</kw>
<test id="s1-t1" name="1. [job_title] Check duplicates" line="16">
<kw name="Row Count Is 0" library="DatabaseLibrary">
<arg>SELECT * FROM (SELECT [job_title],[min_salary],[max_salary],ROW_NUMBER() OVER(partition by [job_title] order by [min_salary], [max_salary] asc) as row_num FROM [hr].[jobs]) tmp_tbl WHERE row_num &gt; 1</arg>
<doc>Check if any rows are returned from the submitted `selectStatement`. If there are, then this will throw an
AssertionError. Set optional input `sansTran` to True to run command without an explicit transaction commit or
rollback.</doc>
<msg timestamp="20220601 20:36:16.357" level="INFO">Executing : Row Count Is 0  |  SELECT * FROM (SELECT [job_title],[min_salary],[max_salary],ROW_NUMBER() OVER(partition by [job_title] order by [min_salary], [max_salary] asc) as row_num FROM [hr].[jobs]) tmp_tbl WHERE row_num &gt; 1 </msg>
<msg timestamp="20220601 20:36:16.357" level="INFO">Executing : Row Count  |  SELECT * FROM (SELECT [job_title],[min_salary],[max_salary],ROW_NUMBER() OVER(partition by [job_title] order by [min_salary], [max_salary] asc) as row_num FROM [hr].[jobs]) tmp_tbl WHERE row_num &gt; 1 </msg>
<status status="PASS" starttime="20220601 20:36:16.357" endtime="20220601 20:36:16.358"/>
</kw>
<tag>jobs</tag>
<status status="PASS" starttime="20220601 20:36:16.356" endtime="20220601 20:36:16.358"/>
</test>
<test id="s1-t2" name="2. [job_title] Check average of min_salary, max_salary" line="21">
<kw name="Query" library="DatabaseLibrary">
<var>${output}</var>
<arg>SELECT 'ALL' job_titles, AVG([min_salary]) avg_min, AVG([max_salary]) avg_max FROM [hr].[jobs]</arg>
<doc>Uses the input `selectStatement` to query for the values that will be returned as a list of tuples. Set optional
input `sansTran` to True to run command without an explicit transaction commit or rollback.
Set optional input `returnAsDict` to True to return values as a list of dictionaries.</doc>
<msg timestamp="20220601 20:36:16.359" level="INFO">Executing : Query  |  SELECT 'ALL' job_titles, AVG([min_salary]) avg_min, AVG([max_salary]) avg_max FROM [hr].[jobs] </msg>
<msg timestamp="20220601 20:36:16.359" level="INFO">${output} = [('ALL', Decimal('6568.421052'), Decimal('13210.526315'))]</msg>
<status status="PASS" starttime="20220601 20:36:16.359" endtime="20220601 20:36:16.359"/>
</kw>
<kw name="Log" library="BuiltIn">
<arg>${output}</arg>
<doc>Logs the given message with the given level.</doc>
<msg timestamp="20220601 20:36:16.359" level="INFO">[('ALL', Decimal('6568.421052'), Decimal('13210.526315'))]</msg>
<status status="PASS" starttime="20220601 20:36:16.359" endtime="20220601 20:36:16.359"/>
</kw>
<kw name="Should Be True" library="BuiltIn">
<arg>${output}[0][1] &lt; ${output}[0][2]</arg>
<doc>Fails if the given condition is not true.</doc>
<status status="PASS" starttime="20220601 20:36:16.359" endtime="20220601 20:36:16.360"/>
</kw>
<tag>jobs</tag>
<status status="PASS" starttime="20220601 20:36:16.358" endtime="20220601 20:36:16.360"/>
</test>
<test id="s1-t3" name="3. [employees] Check count of employees" line="28">
<kw name="Row Count Is Equal To X" library="DatabaseLibrary">
<arg>SELECT distinct employee_id from [hr].[employees];</arg>
<arg>40</arg>
<doc>Check if the number of rows returned from `selectStatement` is equal to the value submitted. If not, then this
will throw an AssertionError. Set optional input `sansTran` to True to run command without an explicit
transaction commit or rollback.</doc>
<msg timestamp="20220601 20:36:16.360" level="INFO">Executing : Row Count Is Equal To X  |  SELECT distinct employee_id from [hr].[employees];  |  40 </msg>
<msg timestamp="20220601 20:36:16.360" level="INFO">Executing : Row Count  |  SELECT distinct employee_id from [hr].[employees]; </msg>
<status status="PASS" starttime="20220601 20:36:16.360" endtime="20220601 20:36:16.361"/>
</kw>
<tag>employees</tag>
<status status="PASS" starttime="20220601 20:36:16.360" endtime="20220601 20:36:16.361"/>
</test>
<test id="s1-t4" name="4. [employees] Check if data stored in required format" line="32">
<kw name="Row Count Is 0" library="DatabaseLibrary">
<arg>SELECT * FROM [hr].[employees] WHERE email NOT LIKE '%@%.org' OR phone_number NOT LIKE '%.%.%' OR hire_date NOT LIKE '____-__-__'</arg>
<doc>Check if any rows are returned from the submitted `selectStatement`. If there are, then this will throw an
AssertionError. Set optional input `sansTran` to True to run command without an explicit transaction commit or
rollback.</doc>
<msg timestamp="20220601 20:36:16.362" level="INFO">Executing : Row Count Is 0  |  SELECT * FROM [hr].[employees] WHERE email NOT LIKE '%@%.org' OR phone_number NOT LIKE '%.%.%' OR hire_date NOT LIKE '____-__-__' </msg>
<msg timestamp="20220601 20:36:16.362" level="INFO">Executing : Row Count  |  SELECT * FROM [hr].[employees] WHERE email NOT LIKE '%@%.org' OR phone_number NOT LIKE '%.%.%' OR hire_date NOT LIKE '____-__-__' </msg>
<status status="PASS" starttime="20220601 20:36:16.362" endtime="20220601 20:36:16.362"/>
</kw>
<tag>employees</tag>
<status status="PASS" starttime="20220601 20:36:16.361" endtime="20220601 20:36:16.362"/>
</test>
<test id="s1-t5" name="5. [locations] Check if require columns consist new null value" line="36">
<kw name="Row Count Is Equal To X" library="DatabaseLibrary">
<arg>SELECT * FROM [hr].locations WHERE street_address IS NULL OR postal_code IS NULL OR city is null OR state_province IS NULL OR country_id IS NULL;</arg>
<arg>1</arg>
<doc>Check if the number of rows returned from `selectStatement` is equal to the value submitted. If not, then this
will throw an AssertionError. Set optional input `sansTran` to True to run command without an explicit
transaction commit or rollback.</doc>
<msg timestamp="20220601 20:36:16.363" level="INFO">Executing : Row Count Is Equal To X  |  SELECT * FROM [hr].locations WHERE street_address IS NULL OR postal_code IS NULL OR city is null OR state_province IS NULL OR country_id IS NULL;  |  1 </msg>
<msg timestamp="20220601 20:36:16.363" level="INFO">Executing : Row Count  |  SELECT * FROM [hr].locations WHERE street_address IS NULL OR postal_code IS NULL OR city is null OR state_province IS NULL OR country_id IS NULL; </msg>
<status status="PASS" starttime="20220601 20:36:16.363" endtime="20220601 20:36:16.363"/>
</kw>
<tag>locations</tag>
<status status="PASS" starttime="20220601 20:36:16.362" endtime="20220601 20:36:16.363"/>
</test>
<test id="s1-t6" name="6. [locations] Check if data from required countries" line="40">
<kw name="Row Count Is 0" library="DatabaseLibrary">
<arg>SELECT * FROM [hr].locations WHERE country_id NOT IN ('US', 'CA', 'UK', 'DE')</arg>
<doc>Check if any rows are returned from the submitted `selectStatement`. If there are, then this will throw an
AssertionError. Set optional input `sansTran` to True to run command without an explicit transaction commit or
rollback.</doc>
<msg timestamp="20220601 20:36:16.364" level="INFO">Executing : Row Count Is 0  |  SELECT * FROM [hr].locations WHERE country_id NOT IN ('US', 'CA', 'UK', 'DE') </msg>
<msg timestamp="20220601 20:36:16.364" level="INFO">Executing : Row Count  |  SELECT * FROM [hr].locations WHERE country_id NOT IN ('US', 'CA', 'UK', 'DE') </msg>
<status status="PASS" starttime="20220601 20:36:16.364" endtime="20220601 20:36:16.364"/>
</kw>
<tag>locations</tag>
<status status="PASS" starttime="20220601 20:36:16.363" endtime="20220601 20:36:16.364"/>
</test>
<kw name="Disconnect From Database" library="DatabaseLibrary" type="TEARDOWN">
<doc>Disconnects from the database.</doc>
<msg timestamp="20220601 20:36:16.365" level="INFO">Executing : Disconnect From Database</msg>
<status status="PASS" starttime="20220601 20:36:16.365" endtime="20220601 20:36:16.365"/>
</kw>
<status status="PASS" starttime="20220601 20:36:16.303" endtime="20220601 20:36:16.365"/>
</suite>
<statistics>
<total>
<stat pass="6" fail="0" skip="0">All Tests</stat>
</total>
<tag>
<stat pass="2" fail="0" skip="0">employees</stat>
<stat pass="2" fail="0" skip="0">jobs</stat>
<stat pass="2" fail="0" skip="0">locations</stat>
</tag>
<suite>
<stat pass="6" fail="0" skip="0" id="s1" name="TablesTesting">TablesTesting</stat>
</suite>
</statistics>
<errors>
</errors>
</robot>
